<?xml version="1.0" encoding="UTF-8"?>
<coverage generated="1715257988696" clover="3.2.0">
  <project timestamp="1715257988696" name="All files">
    <metrics statements="135" coveredstatements="135" conditionals="39" coveredconditionals="39" methods="16" coveredmethods="16" elements="190" coveredelements="190" complexity="0" loc="135" ncloc="135" packages="6" files="10" classes="10"/>
    <package name="end-to-end-testing-with-jest-2883169">
      <metrics statements="14" coveredstatements="14" conditionals="0" coveredconditionals="0" methods="1" coveredmethods="1"/>
      <file name="index.js" path="C:\Users\YasuoBankai\Documents\cursos\testing\02_01b\end-to-end-testing-with-jest-2883169\index.js">
        <metrics statements="14" coveredstatements="14" conditionals="0" coveredconditionals="0" methods="1" coveredmethods="1"/>
        <line num="3" count="1" type="stmt"/>
        <line num="5" count="1" type="stmt"/>
        <line num="6" count="1" type="stmt"/>
        <line num="7" count="1" type="stmt"/>
        <line num="9" count="1" type="stmt"/>
        <line num="10" count="1" type="stmt"/>
        <line num="13" count="1" type="stmt"/>
        <line num="14" count="1" type="stmt"/>
        <line num="17" count="1" type="stmt"/>
        <line num="20" count="1" type="stmt"/>
        <line num="22" count="1" type="stmt"/>
        <line num="24" count="1" type="stmt"/>
        <line num="27" count="1" type="stmt"/>
        <line num="28" count="1" type="stmt"/>
      </file>
    </package>
    <package name="end-to-end-testing-with-jest-2883169.controllers">
      <metrics statements="65" coveredstatements="65" conditionals="33" coveredconditionals="33" methods="7" coveredmethods="7"/>
      <file name="RecipesController.js" path="C:\Users\YasuoBankai\Documents\cursos\testing\02_01b\end-to-end-testing-with-jest-2883169\controllers\RecipesController.js">
        <metrics statements="46" coveredstatements="46" conditionals="25" coveredconditionals="25" methods="5" coveredmethods="5"/>
        <line num="3" count="1" type="stmt"/>
        <line num="5" count="1" type="stmt"/>
        <line num="8" count="2" type="stmt"/>
        <line num="9" count="2" type="stmt"/>
        <line num="11" count="1" type="stmt"/>
        <line num="16" count="1" type="stmt"/>
        <line num="26" count="5" type="stmt"/>
        <line num="30" count="5" type="stmt"/>
        <line num="33" count="5" type="cond" truecount="2" falsecount="0"/>
        <line num="34" count="1" type="stmt"/>
        <line num="40" count="4" type="cond" truecount="2" falsecount="0"/>
        <line num="41" count="1" type="stmt"/>
        <line num="48" count="3" type="cond" truecount="5" falsecount="0"/>
        <line num="49" count="1" type="stmt"/>
        <line num="55" count="2" type="stmt"/>
        <line num="62" count="2" type="stmt"/>
        <line num="64" count="1" type="stmt"/>
        <line num="69" count="1" type="stmt"/>
        <line num="78" count="3" type="stmt"/>
        <line num="79" count="3" type="stmt"/>
        <line num="82" count="3" type="stmt"/>
        <line num="83" count="2" type="cond" truecount="2" falsecount="0"/>
        <line num="84" count="1" type="stmt"/>
        <line num="90" count="1" type="stmt"/>
        <line num="95" count="1" type="stmt"/>
        <line num="105" count="6" type="stmt"/>
        <line num="107" count="6" type="cond" truecount="2" falsecount="0"/>
        <line num="108" count="1" type="stmt"/>
        <line num="115" count="5" type="cond" truecount="6" falsecount="0"/>
        <line num="116" count="1" type="stmt"/>
        <line num="122" count="4" type="cond" truecount="4" falsecount="0"/>
        <line num="123" count="1" type="stmt"/>
        <line num="129" count="3" type="stmt"/>
        <line num="132" count="3" type="stmt"/>
        <line num="133" count="3" type="cond" truecount="2" falsecount="0"/>
        <line num="134" count="1" type="stmt"/>
        <line num="140" count="2" type="stmt"/>
        <line num="142" count="2" type="stmt"/>
        <line num="143" count="1" type="stmt"/>
        <line num="148" count="1" type="stmt"/>
        <line num="157" count="2" type="stmt"/>
        <line num="159" count="2" type="stmt"/>
        <line num="162" count="2" type="stmt"/>
        <line num="164" count="1" type="stmt"/>
        <line num="169" count="1" type="stmt"/>
        <line num="177" count="1" type="stmt"/>
      </file>
      <file name="UsersController.js" path="C:\Users\YasuoBankai\Documents\cursos\testing\02_01b\end-to-end-testing-with-jest-2883169\controllers\UsersController.js">
        <metrics statements="19" coveredstatements="19" conditionals="8" coveredconditionals="8" methods="2" coveredmethods="2"/>
        <line num="3" count="1" type="stmt"/>
        <line num="4" count="1" type="stmt"/>
        <line num="6" count="1" type="stmt"/>
        <line num="8" count="1" type="stmt"/>
        <line num="10" count="1" type="stmt"/>
        <line num="13" count="6" type="stmt"/>
        <line num="14" count="6" type="cond" truecount="4" falsecount="0"/>
        <line num="15" count="2" type="stmt"/>
        <line num="21" count="4" type="stmt"/>
        <line num="22" count="3" type="cond" truecount="2" falsecount="0"/>
        <line num="23" count="1" type="stmt"/>
        <line num="29" count="2" type="stmt"/>
        <line num="30" count="2" type="cond" truecount="2" falsecount="0"/>
        <line num="31" count="1" type="stmt"/>
        <line num="37" count="1" type="stmt"/>
        <line num="43" count="1" type="stmt"/>
        <line num="44" count="1" type="stmt"/>
        <line num="50" count="1" type="stmt"/>
        <line num="58" count="1" type="stmt"/>
      </file>
    </package>
    <package name="end-to-end-testing-with-jest-2883169.database">
      <metrics statements="4" coveredstatements="4" conditionals="0" coveredconditionals="0" methods="0" coveredmethods="0"/>
      <file name="dbConection.js" path="C:\Users\YasuoBankai\Documents\cursos\testing\02_01b\end-to-end-testing-with-jest-2883169\database\dbConection.js">
        <metrics statements="4" coveredstatements="4" conditionals="0" coveredconditionals="0" methods="0" coveredmethods="0"/>
        <line num="3" count="1" type="stmt"/>
        <line num="4" count="1" type="stmt"/>
        <line num="7" count="1" type="stmt"/>
        <line num="17" count="1" type="stmt"/>
      </file>
    </package>
    <package name="end-to-end-testing-with-jest-2883169.database.models">
      <metrics statements="10" coveredstatements="10" conditionals="0" coveredconditionals="0" methods="0" coveredmethods="0"/>
      <file name="recipes.js" path="C:\Users\YasuoBankai\Documents\cursos\testing\02_01b\end-to-end-testing-with-jest-2883169\database\models\recipes.js">
        <metrics statements="5" coveredstatements="5" conditionals="0" coveredconditionals="0" methods="0" coveredmethods="0"/>
        <line num="3" count="1" type="stmt"/>
        <line num="5" count="1" type="stmt"/>
        <line num="7" count="1" type="stmt"/>
        <line num="30" count="1" type="stmt"/>
        <line num="33" count="1" type="stmt"/>
      </file>
      <file name="users.js" path="C:\Users\YasuoBankai\Documents\cursos\testing\02_01b\end-to-end-testing-with-jest-2883169\database\models\users.js">
        <metrics statements="5" coveredstatements="5" conditionals="0" coveredconditionals="0" methods="0" coveredmethods="0"/>
        <line num="3" count="1" type="stmt"/>
        <line num="5" count="1" type="stmt"/>
        <line num="7" count="1" type="stmt"/>
        <line num="20" count="1" type="stmt"/>
        <line num="23" count="1" type="stmt"/>
      </file>
    </package>
    <package name="end-to-end-testing-with-jest-2883169.database.services">
      <metrics statements="21" coveredstatements="21" conditionals="2" coveredconditionals="2" methods="6" coveredmethods="6"/>
      <file name="recipes.js" path="C:\Users\YasuoBankai\Documents\cursos\testing\02_01b\end-to-end-testing-with-jest-2883169\database\services\recipes.js">
        <metrics statements="14" coveredstatements="14" conditionals="0" coveredconditionals="0" methods="5" coveredmethods="5"/>
        <line num="1" count="1" type="stmt"/>
        <line num="3" count="1" type="stmt"/>
        <line num="6" count="1" type="stmt"/>
        <line num="7" count="1" type="stmt"/>
        <line num="11" count="1" type="stmt"/>
        <line num="12" count="1" type="stmt"/>
        <line num="16" count="5" type="stmt"/>
        <line num="17" count="5" type="stmt"/>
        <line num="18" count="3" type="stmt"/>
        <line num="24" count="1" type="stmt"/>
        <line num="25" count="1" type="stmt"/>
        <line num="29" count="1" type="stmt"/>
        <line num="30" count="1" type="stmt"/>
        <line num="34" count="1" type="stmt"/>
      </file>
      <file name="users.js" path="C:\Users\YasuoBankai\Documents\cursos\testing\02_01b\end-to-end-testing-with-jest-2883169\database\services\users.js">
        <metrics statements="7" coveredstatements="7" conditionals="2" coveredconditionals="2" methods="1" coveredmethods="1"/>
        <line num="1" count="1" type="stmt"/>
        <line num="3" count="1" type="stmt"/>
        <line num="5" count="3" type="stmt"/>
        <line num="6" count="3" type="cond" truecount="2" falsecount="0"/>
        <line num="7" count="1" type="stmt"/>
        <line num="9" count="2" type="stmt"/>
        <line num="13" count="1" type="stmt"/>
      </file>
    </package>
    <package name="end-to-end-testing-with-jest-2883169.routes">
      <metrics statements="21" coveredstatements="21" conditionals="4" coveredconditionals="4" methods="2" coveredmethods="2"/>
      <file name="authenticateToken.js" path="C:\Users\YasuoBankai\Documents\cursos\testing\02_01b\end-to-end-testing-with-jest-2883169\routes\authenticateToken.js">
        <metrics statements="9" coveredstatements="9" conditionals="4" coveredconditionals="4" methods="2" coveredmethods="2"/>
        <line num="3" count="1" type="stmt"/>
        <line num="6" count="16" type="stmt"/>
        <line num="7" count="16" type="cond" truecount="2" falsecount="0"/>
        <line num="9" count="16" type="stmt"/>
        <line num="10" count="16" type="cond" truecount="2" falsecount="0"/>
        <line num="11" count="3" type="stmt"/>
        <line num="15" count="13" type="stmt"/>
        <line num="16" count="13" type="stmt"/>
        <line num="19" count="1" type="stmt"/>
      </file>
      <file name="index.js" path="C:\Users\YasuoBankai\Documents\cursos\testing\02_01b\end-to-end-testing-with-jest-2883169\routes\index.js">
        <metrics statements="12" coveredstatements="12" conditionals="0" coveredconditionals="0" methods="0" coveredmethods="0"/>
        <line num="2" count="1" type="stmt"/>
        <line num="4" count="1" type="stmt"/>
        <line num="6" count="1" type="stmt"/>
        <line num="7" count="1" type="stmt"/>
        <line num="8" count="1" type="stmt"/>
        <line num="11" count="1" type="stmt"/>
        <line num="14" count="1" type="stmt"/>
        <line num="15" count="1" type="stmt"/>
        <line num="16" count="1" type="stmt"/>
        <line num="17" count="1" type="stmt"/>
        <line num="18" count="1" type="stmt"/>
        <line num="20" count="1" type="stmt"/>
      </file>
    </package>
  </project>
</coverage>
