{"C:\\Users\\YasuoBankai\\Documents\\cursos\\testing\\02_01b\\end-to-end-testing-with-jest-2883169\\index.js": {"path":"C:\\Users\\YasuoBankai\\Documents\\cursos\\testing\\02_01b\\end-to-end-testing-with-jest-2883169\\index.js","statementMap":{"0":{"start":{"line":2,"column":16},"end":{"line":2,"column":34}},"1":{"start":{"line":4,"column":13},"end":{"line":4,"column":28}},"2":{"start":{"line":5,"column":15},"end":{"line":5,"column":32}},"3":{"start":{"line":6,"column":15},"end":{"line":6,"column":43}},"4":{"start":{"line":8,"column":22},"end":{"line":24,"column":1}},"5":{"start":{"line":9,"column":14},"end":{"line":9,"column":23}},"6":{"start":{"line":12,"column":2},"end":{"line":12,"column":18}},"7":{"start":{"line":13,"column":2},"end":{"line":13,"column":25}},"8":{"start":{"line":16,"column":2},"end":{"line":16,"column":51}},"9":{"start":{"line":19,"column":2},"end":{"line":19,"column":26}},"10":{"start":{"line":21,"column":2},"end":{"line":21,"column":23}},"11":{"start":{"line":23,"column":2},"end":{"line":23,"column":13}},"12":{"start":{"line":26,"column":12},"end":{"line":26,"column":27}},"13":{"start":{"line":27,"column":0},"end":{"line":27,"column":21}}},"fnMap":{"0":{"name":"(anonymous_0)","decl":{"start":{"line":8,"column":22},"end":{"line":8,"column":23}},"loc":{"start":{"line":8,"column":28},"end":{"line":24,"column":1}},"line":8}},"branchMap":{},"s":{"0":1,"1":1,"2":1,"3":1,"4":1,"5":1,"6":1,"7":1,"8":1,"9":1,"10":1,"11":1,"12":1,"13":1},"f":{"0":1},"b":{},"_coverageSchema":"1a1c01bbd47fc00a2c39e90264f33305004495a9","hash":"67fdb5f8b427602e177160367065edc4418a7754"}
,"C:\\Users\\YasuoBankai\\Documents\\cursos\\testing\\02_01b\\end-to-end-testing-with-jest-2883169\\controllers\\RecipesController.js": {"path":"C:\\Users\\YasuoBankai\\Documents\\cursos\\testing\\02_01b\\end-to-end-testing-with-jest-2883169\\controllers\\RecipesController.js","statementMap":{"0":{"start":{"line":2,"column":16},"end":{"line":2,"column":55}},"1":{"start":{"line":4,"column":26},"end":{"line":174,"column":1}},"2":{"start":{"line":7,"column":4},"end":{"line":19,"column":5}},"3":{"start":{"line":8,"column":22},"end":{"line":8,"column":48}},"4":{"start":{"line":10,"column":6},"end":{"line":13,"column":9}},"5":{"start":{"line":15,"column":6},"end":{"line":18,"column":9}},"6":{"start":{"line":25,"column":4},"end":{"line":72,"column":5}},"7":{"start":{"line":29,"column":10},"end":{"line":29,"column":18}},"8":{"start":{"line":32,"column":6},"end":{"line":37,"column":7}},"9":{"start":{"line":33,"column":8},"end":{"line":36,"column":11}},"10":{"start":{"line":39,"column":6},"end":{"line":44,"column":7}},"11":{"start":{"line":40,"column":8},"end":{"line":43,"column":11}},"12":{"start":{"line":47,"column":6},"end":{"line":52,"column":7}},"13":{"start":{"line":48,"column":8},"end":{"line":51,"column":11}},"14":{"start":{"line":54,"column":28},"end":{"line":58,"column":7}},"15":{"start":{"line":61,"column":22},"end":{"line":61,"column":62}},"16":{"start":{"line":63,"column":6},"end":{"line":66,"column":9}},"17":{"start":{"line":68,"column":6},"end":{"line":71,"column":9}},"18":{"start":{"line":77,"column":4},"end":{"line":98,"column":5}},"19":{"start":{"line":78,"column":21},"end":{"line":78,"column":31}},"20":{"start":{"line":81,"column":22},"end":{"line":81,"column":49}},"21":{"start":{"line":82,"column":6},"end":{"line":87,"column":7}},"22":{"start":{"line":83,"column":8},"end":{"line":86,"column":11}},"23":{"start":{"line":89,"column":6},"end":{"line":92,"column":9}},"24":{"start":{"line":94,"column":6},"end":{"line":97,"column":9}},"25":{"start":{"line":104,"column":4},"end":{"line":151,"column":5}},"26":{"start":{"line":106,"column":6},"end":{"line":111,"column":7}},"27":{"start":{"line":107,"column":8},"end":{"line":110,"column":11}},"28":{"start":{"line":114,"column":6},"end":{"line":119,"column":7}},"29":{"start":{"line":115,"column":8},"end":{"line":118,"column":11}},"30":{"start":{"line":121,"column":6},"end":{"line":126,"column":7}},"31":{"start":{"line":122,"column":8},"end":{"line":125,"column":11}},"32":{"start":{"line":128,"column":21},"end":{"line":128,"column":31}},"33":{"start":{"line":131,"column":26},"end":{"line":131,"column":53}},"34":{"start":{"line":132,"column":6},"end":{"line":137,"column":7}},"35":{"start":{"line":133,"column":8},"end":{"line":136,"column":11}},"36":{"start":{"line":139,"column":28},"end":{"line":139,"column":36}},"37":{"start":{"line":141,"column":22},"end":{"line":141,"column":73}},"38":{"start":{"line":142,"column":6},"end":{"line":145,"column":9}},"39":{"start":{"line":147,"column":6},"end":{"line":150,"column":9}},"40":{"start":{"line":156,"column":4},"end":{"line":172,"column":5}},"41":{"start":{"line":158,"column":21},"end":{"line":158,"column":31}},"42":{"start":{"line":161,"column":6},"end":{"line":161,"column":43}},"43":{"start":{"line":163,"column":6},"end":{"line":166,"column":9}},"44":{"start":{"line":168,"column":6},"end":{"line":171,"column":9}},"45":{"start":{"line":176,"column":0},"end":{"line":176,"column":35}}},"fnMap":{"0":{"name":"(anonymous_0)","decl":{"start":{"line":6,"column":10},"end":{"line":6,"column":11}},"loc":{"start":{"line":6,"column":30},"end":{"line":20,"column":3}},"line":6},"1":{"name":"(anonymous_1)","decl":{"start":{"line":23,"column":10},"end":{"line":23,"column":11}},"loc":{"start":{"line":23,"column":30},"end":{"line":73,"column":3}},"line":23},"2":{"name":"(anonymous_2)","decl":{"start":{"line":76,"column":10},"end":{"line":76,"column":11}},"loc":{"start":{"line":76,"column":30},"end":{"line":99,"column":3}},"line":76},"3":{"name":"(anonymous_3)","decl":{"start":{"line":102,"column":10},"end":{"line":102,"column":11}},"loc":{"start":{"line":102,"column":30},"end":{"line":152,"column":3}},"line":102},"4":{"name":"(anonymous_4)","decl":{"start":{"line":155,"column":10},"end":{"line":155,"column":11}},"loc":{"start":{"line":155,"column":30},"end":{"line":173,"column":3}},"line":155}},"branchMap":{"0":{"loc":{"start":{"line":32,"column":6},"end":{"line":37,"column":7}},"type":"if","locations":[{"start":{"line":32,"column":6},"end":{"line":37,"column":7}},{"start":{},"end":{}}],"line":32},"1":{"loc":{"start":{"line":39,"column":6},"end":{"line":44,"column":7}},"type":"if","locations":[{"start":{"line":39,"column":6},"end":{"line":44,"column":7}},{"start":{},"end":{}}],"line":39},"2":{"loc":{"start":{"line":47,"column":6},"end":{"line":52,"column":7}},"type":"if","locations":[{"start":{"line":47,"column":6},"end":{"line":52,"column":7}},{"start":{},"end":{}}],"line":47},"3":{"loc":{"start":{"line":47,"column":10},"end":{"line":47,"column":83}},"type":"binary-expr","locations":[{"start":{"line":47,"column":11},"end":{"line":47,"column":41}},{"start":{"line":47,"column":47},"end":{"line":47,"column":62}},{"start":{"line":47,"column":68},"end":{"line":47,"column":82}}],"line":47},"4":{"loc":{"start":{"line":82,"column":6},"end":{"line":87,"column":7}},"type":"if","locations":[{"start":{"line":82,"column":6},"end":{"line":87,"column":7}},{"start":{},"end":{}}],"line":82},"5":{"loc":{"start":{"line":106,"column":6},"end":{"line":111,"column":7}},"type":"if","locations":[{"start":{"line":106,"column":6},"end":{"line":111,"column":7}},{"start":{},"end":{}}],"line":106},"6":{"loc":{"start":{"line":114,"column":6},"end":{"line":119,"column":7}},"type":"if","locations":[{"start":{"line":114,"column":6},"end":{"line":119,"column":7}},{"start":{},"end":{}}],"line":114},"7":{"loc":{"start":{"line":114,"column":10},"end":{"line":114,"column":137}},"type":"binary-expr","locations":[{"start":{"line":114,"column":11},"end":{"line":114,"column":30}},{"start":{"line":114,"column":37},"end":{"line":114,"column":76}},{"start":{"line":114,"column":82},"end":{"line":114,"column":106}},{"start":{"line":114,"column":112},"end":{"line":114,"column":135}}],"line":114},"8":{"loc":{"start":{"line":121,"column":6},"end":{"line":126,"column":7}},"type":"if","locations":[{"start":{"line":121,"column":6},"end":{"line":126,"column":7}},{"start":{},"end":{}}],"line":121},"9":{"loc":{"start":{"line":121,"column":10},"end":{"line":121,"column":77}},"type":"binary-expr","locations":[{"start":{"line":121,"column":11},"end":{"line":121,"column":30}},{"start":{"line":121,"column":36},"end":{"line":121,"column":76}}],"line":121},"10":{"loc":{"start":{"line":132,"column":6},"end":{"line":137,"column":7}},"type":"if","locations":[{"start":{"line":132,"column":6},"end":{"line":137,"column":7}},{"start":{},"end":{}}],"line":132}},"s":{"0":1,"1":1,"2":2,"3":2,"4":1,"5":1,"6":5,"7":5,"8":5,"9":1,"10":4,"11":1,"12":3,"13":1,"14":2,"15":2,"16":1,"17":1,"18":3,"19":3,"20":3,"21":1,"22":0,"23":1,"24":2,"25":6,"26":6,"27":1,"28":5,"29":1,"30":4,"31":1,"32":3,"33":3,"34":2,"35":0,"36":2,"37":2,"38":1,"39":2,"40":2,"41":2,"42":2,"43":1,"44":1,"45":1},"f":{"0":2,"1":5,"2":3,"3":6,"4":2},"b":{"0":[1,4],"1":[1,3],"2":[1,2],"3":[3,2,2],"4":[0,1],"5":[1,5],"6":[1,4],"7":[5,2,1,1],"8":[1,3],"9":[4,1],"10":[0,2]},"_coverageSchema":"1a1c01bbd47fc00a2c39e90264f33305004495a9","hash":"5f9a947cf869669b06d6f697b2635392a8249d50"}
,"C:\\Users\\YasuoBankai\\Documents\\cursos\\testing\\02_01b\\end-to-end-testing-with-jest-2883169\\controllers\\UsersController.js": {"path":"C:\\Users\\YasuoBankai\\Documents\\cursos\\testing\\02_01b\\end-to-end-testing-with-jest-2883169\\controllers\\UsersController.js","statementMap":{"0":{"start":{"line":2,"column":15},"end":{"line":2,"column":32}},"1":{"start":{"line":3,"column":12},"end":{"line":3,"column":35}},"2":{"start":{"line":5,"column":13},"end":{"line":5,"column":50}},"3":{"start":{"line":7,"column":31},"end":{"line":7,"column":116}},"4":{"start":{"line":9,"column":24},"end":{"line":55,"column":1}},"5":{"start":{"line":12,"column":4},"end":{"line":53,"column":5}},"6":{"start":{"line":13,"column":6},"end":{"line":18,"column":7}},"7":{"start":{"line":14,"column":8},"end":{"line":17,"column":11}},"8":{"start":{"line":20,"column":23},"end":{"line":20,"column":67}},"9":{"start":{"line":21,"column":6},"end":{"line":26,"column":7}},"10":{"start":{"line":22,"column":8},"end":{"line":25,"column":11}},"11":{"start":{"line":28,"column":30},"end":{"line":28,"column":88}},"12":{"start":{"line":29,"column":6},"end":{"line":34,"column":7}},"13":{"start":{"line":30,"column":8},"end":{"line":33,"column":11}},"14":{"start":{"line":36,"column":26},"end":{"line":40,"column":7}},"15":{"start":{"line":42,"column":26},"end":{"line":42,"column":49}},"16":{"start":{"line":43,"column":6},"end":{"line":47,"column":9}},"17":{"start":{"line":49,"column":6},"end":{"line":52,"column":9}},"18":{"start":{"line":57,"column":0},"end":{"line":57,"column":33}}},"fnMap":{"0":{"name":"generateToken","decl":{"start":{"line":7,"column":9},"end":{"line":7,"column":22}},"loc":{"start":{"line":7,"column":29},"end":{"line":7,"column":118}},"line":7},"1":{"name":"(anonymous_1)","decl":{"start":{"line":11,"column":9},"end":{"line":11,"column":10}},"loc":{"start":{"line":11,"column":29},"end":{"line":54,"column":3}},"line":11}},"branchMap":{"0":{"loc":{"start":{"line":13,"column":6},"end":{"line":18,"column":7}},"type":"if","locations":[{"start":{"line":13,"column":6},"end":{"line":18,"column":7}},{"start":{},"end":{}}],"line":13},"1":{"loc":{"start":{"line":13,"column":10},"end":{"line":13,"column":50}},"type":"binary-expr","locations":[{"start":{"line":13,"column":10},"end":{"line":13,"column":28}},{"start":{"line":13,"column":32},"end":{"line":13,"column":50}}],"line":13},"2":{"loc":{"start":{"line":21,"column":6},"end":{"line":26,"column":7}},"type":"if","locations":[{"start":{"line":21,"column":6},"end":{"line":26,"column":7}},{"start":{},"end":{}}],"line":21},"3":{"loc":{"start":{"line":29,"column":6},"end":{"line":34,"column":7}},"type":"if","locations":[{"start":{"line":29,"column":6},"end":{"line":34,"column":7}},{"start":{},"end":{}}],"line":29}},"s":{"0":1,"1":1,"2":1,"3":1,"4":1,"5":6,"6":6,"7":2,"8":4,"9":3,"10":1,"11":2,"12":2,"13":1,"14":1,"15":1,"16":1,"17":1,"18":1},"f":{"0":1,"1":6},"b":{"0":[2,4],"1":[6,5],"2":[1,2],"3":[1,1]},"_coverageSchema":"1a1c01bbd47fc00a2c39e90264f33305004495a9","hash":"477510e04fe5298e05ffc249c64265b47fe6be6b"}
,"C:\\Users\\YasuoBankai\\Documents\\cursos\\testing\\02_01b\\end-to-end-testing-with-jest-2883169\\database\\dbConection.js": {"path":"C:\\Users\\YasuoBankai\\Documents\\cursos\\testing\\02_01b\\end-to-end-testing-with-jest-2883169\\database\\dbConection.js","statementMap":{"0":{"start":{"line":2,"column":17},"end":{"line":2,"column":36}},"1":{"start":{"line":3,"column":0},"end":{"line":3,"column":27}},"2":{"start":{"line":6,"column":0},"end":{"line":9,"column":2}},"3":{"start":{"line":16,"column":0},"end":{"line":16,"column":26}}},"fnMap":{},"branchMap":{},"s":{"0":1,"1":1,"2":1,"3":1},"f":{},"b":{},"_coverageSchema":"1a1c01bbd47fc00a2c39e90264f33305004495a9","hash":"11bb87a78f8169669644f09761976ea7c8a7e0b5"}
,"C:\\Users\\YasuoBankai\\Documents\\cursos\\testing\\02_01b\\end-to-end-testing-with-jest-2883169\\database\\models\\recipes.js": {"path":"C:\\Users\\YasuoBankai\\Documents\\cursos\\testing\\02_01b\\end-to-end-testing-with-jest-2883169\\database\\models\\recipes.js","statementMap":{"0":{"start":{"line":1,"column":17},"end":{"line":1,"column":42}},"1":{"start":{"line":3,"column":19},"end":{"line":3,"column":27}},"2":{"start":{"line":5,"column":22},"end":{"line":25,"column":2}},"3":{"start":{"line":28,"column":0},"end":{"line":28,"column":41}},"4":{"start":{"line":31,"column":0},"end":{"line":31,"column":43}}},"fnMap":{},"branchMap":{},"s":{"0":1,"1":1,"2":1,"3":1,"4":1},"f":{},"b":{},"_coverageSchema":"1a1c01bbd47fc00a2c39e90264f33305004495a9","hash":"bce77ab6a21ecb705be5459e2f5206a4138d4959"}
,"C:\\Users\\YasuoBankai\\Documents\\cursos\\testing\\02_01b\\end-to-end-testing-with-jest-2883169\\database\\models\\users.js": {"path":"C:\\Users\\YasuoBankai\\Documents\\cursos\\testing\\02_01b\\end-to-end-testing-with-jest-2883169\\database\\models\\users.js","statementMap":{"0":{"start":{"line":2,"column":17},"end":{"line":2,"column":42}},"1":{"start":{"line":4,"column":19},"end":{"line":4,"column":27}},"2":{"start":{"line":6,"column":19},"end":{"line":16,"column":2}},"3":{"start":{"line":19,"column":0},"end":{"line":19,"column":36}},"4":{"start":{"line":22,"column":0},"end":{"line":22,"column":41}}},"fnMap":{},"branchMap":{},"s":{"0":1,"1":1,"2":1,"3":1,"4":1},"f":{},"b":{},"_coverageSchema":"1a1c01bbd47fc00a2c39e90264f33305004495a9","hash":"d10044e21a99c5c5d20a8ba9fd338e12c4ba89e4"}
,"C:\\Users\\YasuoBankai\\Documents\\cursos\\testing\\02_01b\\end-to-end-testing-with-jest-2883169\\database\\services\\recipes.js": {"path":"C:\\Users\\YasuoBankai\\Documents\\cursos\\testing\\02_01b\\end-to-end-testing-with-jest-2883169\\database\\services\\recipes.js","statementMap":{"0":{"start":{"line":1,"column":16},"end":{"line":1,"column":44}},"1":{"start":{"line":3,"column":21},"end":{"line":33,"column":1}},"2":{"start":{"line":6,"column":21},"end":{"line":6,"column":56}},"3":{"start":{"line":7,"column":4},"end":{"line":7,"column":20}},"4":{"start":{"line":11,"column":21},"end":{"line":11,"column":41}},"5":{"start":{"line":12,"column":4},"end":{"line":12,"column":20}},"6":{"start":{"line":16,"column":4},"end":{"line":21,"column":5}},"7":{"start":{"line":17,"column":23},"end":{"line":17,"column":49}},"8":{"start":{"line":18,"column":6},"end":{"line":18,"column":22}},"9":{"start":{"line":20,"column":6},"end":{"line":20,"column":27}},"10":{"start":{"line":25,"column":21},"end":{"line":25,"column":96}},"11":{"start":{"line":26,"column":4},"end":{"line":26,"column":20}},"12":{"start":{"line":30,"column":21},"end":{"line":30,"column":56}},"13":{"start":{"line":31,"column":4},"end":{"line":31,"column":20}},"14":{"start":{"line":35,"column":0},"end":{"line":35,"column":30}}},"fnMap":{"0":{"name":"(anonymous_0)","decl":{"start":{"line":5,"column":15},"end":{"line":5,"column":16}},"loc":{"start":{"line":5,"column":40},"end":{"line":8,"column":3}},"line":5},"1":{"name":"(anonymous_1)","decl":{"start":{"line":10,"column":14},"end":{"line":10,"column":15}},"loc":{"start":{"line":10,"column":26},"end":{"line":13,"column":3}},"line":10},"2":{"name":"(anonymous_2)","decl":{"start":{"line":15,"column":13},"end":{"line":15,"column":14}},"loc":{"start":{"line":15,"column":27},"end":{"line":22,"column":3}},"line":15},"3":{"name":"(anonymous_3)","decl":{"start":{"line":24,"column":22},"end":{"line":24,"column":23}},"loc":{"start":{"line":24,"column":51},"end":{"line":27,"column":3}},"line":24},"4":{"name":"(anonymous_4)","decl":{"start":{"line":29,"column":22},"end":{"line":29,"column":23}},"loc":{"start":{"line":29,"column":36},"end":{"line":32,"column":3}},"line":29}},"branchMap":{},"s":{"0":1,"1":1,"2":1,"3":1,"4":1,"5":1,"6":5,"7":5,"8":3,"9":2,"10":1,"11":1,"12":1,"13":1,"14":1},"f":{"0":1,"1":1,"2":5,"3":1,"4":1},"b":{},"_coverageSchema":"1a1c01bbd47fc00a2c39e90264f33305004495a9","hash":"891741bf2dd41d221c4fe0f9258c887441cd50ec"}
,"C:\\Users\\YasuoBankai\\Documents\\cursos\\testing\\02_01b\\end-to-end-testing-with-jest-2883169\\database\\services\\users.js": {"path":"C:\\Users\\YasuoBankai\\Documents\\cursos\\testing\\02_01b\\end-to-end-testing-with-jest-2883169\\database\\services\\users.js","statementMap":{"0":{"start":{"line":1,"column":13},"end":{"line":1,"column":39}},"1":{"start":{"line":3,"column":18},"end":{"line":11,"column":1}},"2":{"start":{"line":5,"column":17},"end":{"line":5,"column":49}},"3":{"start":{"line":6,"column":4},"end":{"line":8,"column":5}},"4":{"start":{"line":7,"column":6},"end":{"line":7,"column":19}},"5":{"start":{"line":9,"column":4},"end":{"line":9,"column":16}},"6":{"start":{"line":13,"column":0},"end":{"line":13,"column":27}}},"fnMap":{"0":{"name":"(anonymous_0)","decl":{"start":{"line":4,"column":18},"end":{"line":4,"column":19}},"loc":{"start":{"line":4,"column":38},"end":{"line":10,"column":3}},"line":4}},"branchMap":{"0":{"loc":{"start":{"line":6,"column":4},"end":{"line":8,"column":5}},"type":"if","locations":[{"start":{"line":6,"column":4},"end":{"line":8,"column":5}},{"start":{},"end":{}}],"line":6}},"s":{"0":1,"1":1,"2":3,"3":3,"4":1,"5":2,"6":1},"f":{"0":3},"b":{"0":[1,2]},"_coverageSchema":"1a1c01bbd47fc00a2c39e90264f33305004495a9","hash":"5cc4e19e86f06add68aeff25eb5648c9bb0d33c3"}
,"C:\\Users\\YasuoBankai\\Documents\\cursos\\testing\\02_01b\\end-to-end-testing-with-jest-2883169\\routes\\authenticateToken.js": {"path":"C:\\Users\\YasuoBankai\\Documents\\cursos\\testing\\02_01b\\end-to-end-testing-with-jest-2883169\\routes\\authenticateToken.js","statementMap":{"0":{"start":{"line":2,"column":12},"end":{"line":2,"column":35}},"1":{"start":{"line":5,"column":21},"end":{"line":5,"column":46}},"2":{"start":{"line":6,"column":16},"end":{"line":6,"column":54}},"3":{"start":{"line":8,"column":2},"end":{"line":16,"column":5}},"4":{"start":{"line":9,"column":4},"end":{"line":13,"column":5}},"5":{"start":{"line":10,"column":6},"end":{"line":12,"column":9}},"6":{"start":{"line":14,"column":4},"end":{"line":14,"column":22}},"7":{"start":{"line":15,"column":4},"end":{"line":15,"column":11}},"8":{"start":{"line":18,"column":0},"end":{"line":18,"column":35}}},"fnMap":{"0":{"name":"authenticateToken","decl":{"start":{"line":4,"column":9},"end":{"line":4,"column":26}},"loc":{"start":{"line":4,"column":43},"end":{"line":17,"column":1}},"line":4},"1":{"name":"(anonymous_1)","decl":{"start":{"line":8,"column":53},"end":{"line":8,"column":54}},"loc":{"start":{"line":8,"column":70},"end":{"line":16,"column":3}},"line":8}},"branchMap":{"0":{"loc":{"start":{"line":6,"column":16},"end":{"line":6,"column":54}},"type":"binary-expr","locations":[{"start":{"line":6,"column":16},"end":{"line":6,"column":26}},{"start":{"line":6,"column":30},"end":{"line":6,"column":54}}],"line":6},"1":{"loc":{"start":{"line":9,"column":4},"end":{"line":13,"column":5}},"type":"if","locations":[{"start":{"line":9,"column":4},"end":{"line":13,"column":5}},{"start":{},"end":{}}],"line":9}},"s":{"0":1,"1":16,"2":16,"3":16,"4":16,"5":3,"6":13,"7":13,"8":1},"f":{"0":16,"1":16},"b":{"0":[16,16],"1":[3,13]},"_coverageSchema":"1a1c01bbd47fc00a2c39e90264f33305004495a9","hash":"9355917301f5e7b09e5c78510d0a5ea9c500772e"}
,"C:\\Users\\YasuoBankai\\Documents\\cursos\\testing\\02_01b\\end-to-end-testing-with-jest-2883169\\routes\\index.js": {"path":"C:\\Users\\YasuoBankai\\Documents\\cursos\\testing\\02_01b\\end-to-end-testing-with-jest-2883169\\routes\\index.js","statementMap":{"0":{"start":{"line":1,"column":16},"end":{"line":1,"column":34}},"1":{"start":{"line":3,"column":15},"end":{"line":3,"column":31}},"2":{"start":{"line":5,"column":26},"end":{"line":5,"column":56}},"3":{"start":{"line":6,"column":26},"end":{"line":6,"column":69}},"4":{"start":{"line":7,"column":23},"end":{"line":7,"column":64}},"5":{"start":{"line":10,"column":0},"end":{"line":10,"column":44}},"6":{"start":{"line":13,"column":0},"end":{"line":13,"column":69}},"7":{"start":{"line":14,"column":0},"end":{"line":14,"column":50}},"8":{"start":{"line":15,"column":0},"end":{"line":15,"column":53}},"9":{"start":{"line":16,"column":0},"end":{"line":16,"column":74}},"10":{"start":{"line":17,"column":0},"end":{"line":17,"column":75}},"11":{"start":{"line":19,"column":0},"end":{"line":19,"column":24}}},"fnMap":{},"branchMap":{},"s":{"0":1,"1":1,"2":1,"3":1,"4":1,"5":1,"6":1,"7":1,"8":1,"9":1,"10":1,"11":1},"f":{},"b":{},"_coverageSchema":"1a1c01bbd47fc00a2c39e90264f33305004495a9","hash":"1c9b0db42731d9e1dfa8fb5e78c1eb7bd768643f"}
}
