{"C:\\Users\\YasuoBankai\\Documents\\cursos\\testing\\02_01b\\end-to-end-testing-with-jest-2883169\\index.js": {"path":"C:\\Users\\YasuoBankai\\Documents\\cursos\\testing\\02_01b\\end-to-end-testing-with-jest-2883169\\index.js","statementMap":{"0":{"start":{"line":3,"column":16},"end":{"line":3,"column":34}},"1":{"start":{"line":5,"column":13},"end":{"line":5,"column":28}},"2":{"start":{"line":6,"column":15},"end":{"line":6,"column":32}},"3":{"start":{"line":7,"column":15},"end":{"line":7,"column":43}},"4":{"start":{"line":9,"column":22},"end":{"line":25,"column":1}},"5":{"start":{"line":10,"column":14},"end":{"line":10,"column":23}},"6":{"start":{"line":13,"column":2},"end":{"line":13,"column":18}},"7":{"start":{"line":14,"column":2},"end":{"line":14,"column":25}},"8":{"start":{"line":17,"column":2},"end":{"line":17,"column":51}},"9":{"start":{"line":20,"column":2},"end":{"line":20,"column":26}},"10":{"start":{"line":22,"column":2},"end":{"line":22,"column":23}},"11":{"start":{"line":24,"column":2},"end":{"line":24,"column":13}},"12":{"start":{"line":27,"column":12},"end":{"line":27,"column":27}},"13":{"start":{"line":28,"column":0},"end":{"line":28,"column":21}}},"fnMap":{"0":{"name":"(anonymous_0)","decl":{"start":{"line":9,"column":22},"end":{"line":9,"column":23}},"loc":{"start":{"line":9,"column":28},"end":{"line":25,"column":1}},"line":9}},"branchMap":{},"s":{"0":1,"1":1,"2":1,"3":1,"4":1,"5":1,"6":1,"7":1,"8":1,"9":1,"10":1,"11":1,"12":1,"13":1},"f":{"0":1},"b":{},"_coverageSchema":"1a1c01bbd47fc00a2c39e90264f33305004495a9","hash":"b7be74c9ffcc2bdee4d0eb96c9b915e8b4477c38"}
,"C:\\Users\\YasuoBankai\\Documents\\cursos\\testing\\02_01b\\end-to-end-testing-with-jest-2883169\\controllers\\RecipesController.js": {"path":"C:\\Users\\YasuoBankai\\Documents\\cursos\\testing\\02_01b\\end-to-end-testing-with-jest-2883169\\controllers\\RecipesController.js","statementMap":{"0":{"start":{"line":3,"column":16},"end":{"line":3,"column":55}},"1":{"start":{"line":5,"column":26},"end":{"line":175,"column":1}},"2":{"start":{"line":8,"column":4},"end":{"line":20,"column":5}},"3":{"start":{"line":9,"column":22},"end":{"line":9,"column":48}},"4":{"start":{"line":11,"column":6},"end":{"line":14,"column":9}},"5":{"start":{"line":16,"column":6},"end":{"line":19,"column":9}},"6":{"start":{"line":26,"column":4},"end":{"line":73,"column":5}},"7":{"start":{"line":30,"column":10},"end":{"line":30,"column":18}},"8":{"start":{"line":33,"column":6},"end":{"line":38,"column":7}},"9":{"start":{"line":34,"column":8},"end":{"line":37,"column":11}},"10":{"start":{"line":40,"column":6},"end":{"line":45,"column":7}},"11":{"start":{"line":41,"column":8},"end":{"line":44,"column":11}},"12":{"start":{"line":48,"column":6},"end":{"line":53,"column":7}},"13":{"start":{"line":49,"column":8},"end":{"line":52,"column":11}},"14":{"start":{"line":55,"column":28},"end":{"line":59,"column":7}},"15":{"start":{"line":62,"column":22},"end":{"line":62,"column":62}},"16":{"start":{"line":64,"column":6},"end":{"line":67,"column":9}},"17":{"start":{"line":69,"column":6},"end":{"line":72,"column":9}},"18":{"start":{"line":78,"column":4},"end":{"line":99,"column":5}},"19":{"start":{"line":79,"column":21},"end":{"line":79,"column":31}},"20":{"start":{"line":82,"column":22},"end":{"line":82,"column":49}},"21":{"start":{"line":83,"column":6},"end":{"line":88,"column":7}},"22":{"start":{"line":84,"column":8},"end":{"line":87,"column":11}},"23":{"start":{"line":90,"column":6},"end":{"line":93,"column":9}},"24":{"start":{"line":95,"column":6},"end":{"line":98,"column":9}},"25":{"start":{"line":105,"column":4},"end":{"line":152,"column":5}},"26":{"start":{"line":107,"column":6},"end":{"line":112,"column":7}},"27":{"start":{"line":108,"column":8},"end":{"line":111,"column":11}},"28":{"start":{"line":115,"column":6},"end":{"line":120,"column":7}},"29":{"start":{"line":116,"column":8},"end":{"line":119,"column":11}},"30":{"start":{"line":122,"column":6},"end":{"line":127,"column":7}},"31":{"start":{"line":123,"column":8},"end":{"line":126,"column":11}},"32":{"start":{"line":129,"column":21},"end":{"line":129,"column":31}},"33":{"start":{"line":132,"column":26},"end":{"line":132,"column":53}},"34":{"start":{"line":133,"column":6},"end":{"line":138,"column":7}},"35":{"start":{"line":134,"column":8},"end":{"line":137,"column":11}},"36":{"start":{"line":140,"column":28},"end":{"line":140,"column":36}},"37":{"start":{"line":142,"column":22},"end":{"line":142,"column":73}},"38":{"start":{"line":143,"column":6},"end":{"line":146,"column":9}},"39":{"start":{"line":148,"column":6},"end":{"line":151,"column":9}},"40":{"start":{"line":157,"column":4},"end":{"line":173,"column":5}},"41":{"start":{"line":159,"column":21},"end":{"line":159,"column":31}},"42":{"start":{"line":162,"column":6},"end":{"line":162,"column":43}},"43":{"start":{"line":164,"column":6},"end":{"line":167,"column":9}},"44":{"start":{"line":169,"column":6},"end":{"line":172,"column":9}},"45":{"start":{"line":177,"column":0},"end":{"line":177,"column":35}}},"fnMap":{"0":{"name":"(anonymous_0)","decl":{"start":{"line":7,"column":10},"end":{"line":7,"column":11}},"loc":{"start":{"line":7,"column":30},"end":{"line":21,"column":3}},"line":7},"1":{"name":"(anonymous_1)","decl":{"start":{"line":24,"column":10},"end":{"line":24,"column":11}},"loc":{"start":{"line":24,"column":30},"end":{"line":74,"column":3}},"line":24},"2":{"name":"(anonymous_2)","decl":{"start":{"line":77,"column":10},"end":{"line":77,"column":11}},"loc":{"start":{"line":77,"column":30},"end":{"line":100,"column":3}},"line":77},"3":{"name":"(anonymous_3)","decl":{"start":{"line":103,"column":10},"end":{"line":103,"column":11}},"loc":{"start":{"line":103,"column":30},"end":{"line":153,"column":3}},"line":103},"4":{"name":"(anonymous_4)","decl":{"start":{"line":156,"column":10},"end":{"line":156,"column":11}},"loc":{"start":{"line":156,"column":30},"end":{"line":174,"column":3}},"line":156}},"branchMap":{"0":{"loc":{"start":{"line":33,"column":6},"end":{"line":38,"column":7}},"type":"if","locations":[{"start":{"line":33,"column":6},"end":{"line":38,"column":7}},{"start":{},"end":{}}],"line":33},"1":{"loc":{"start":{"line":40,"column":6},"end":{"line":45,"column":7}},"type":"if","locations":[{"start":{"line":40,"column":6},"end":{"line":45,"column":7}},{"start":{},"end":{}}],"line":40},"2":{"loc":{"start":{"line":48,"column":6},"end":{"line":53,"column":7}},"type":"if","locations":[{"start":{"line":48,"column":6},"end":{"line":53,"column":7}},{"start":{},"end":{}}],"line":48},"3":{"loc":{"start":{"line":48,"column":10},"end":{"line":48,"column":83}},"type":"binary-expr","locations":[{"start":{"line":48,"column":11},"end":{"line":48,"column":41}},{"start":{"line":48,"column":47},"end":{"line":48,"column":62}},{"start":{"line":48,"column":68},"end":{"line":48,"column":82}}],"line":48},"4":{"loc":{"start":{"line":83,"column":6},"end":{"line":88,"column":7}},"type":"if","locations":[{"start":{"line":83,"column":6},"end":{"line":88,"column":7}},{"start":{},"end":{}}],"line":83},"5":{"loc":{"start":{"line":107,"column":6},"end":{"line":112,"column":7}},"type":"if","locations":[{"start":{"line":107,"column":6},"end":{"line":112,"column":7}},{"start":{},"end":{}}],"line":107},"6":{"loc":{"start":{"line":115,"column":6},"end":{"line":120,"column":7}},"type":"if","locations":[{"start":{"line":115,"column":6},"end":{"line":120,"column":7}},{"start":{},"end":{}}],"line":115},"7":{"loc":{"start":{"line":115,"column":10},"end":{"line":115,"column":137}},"type":"binary-expr","locations":[{"start":{"line":115,"column":11},"end":{"line":115,"column":30}},{"start":{"line":115,"column":37},"end":{"line":115,"column":76}},{"start":{"line":115,"column":82},"end":{"line":115,"column":106}},{"start":{"line":115,"column":112},"end":{"line":115,"column":135}}],"line":115},"8":{"loc":{"start":{"line":122,"column":6},"end":{"line":127,"column":7}},"type":"if","locations":[{"start":{"line":122,"column":6},"end":{"line":127,"column":7}},{"start":{},"end":{}}],"line":122},"9":{"loc":{"start":{"line":122,"column":10},"end":{"line":122,"column":77}},"type":"binary-expr","locations":[{"start":{"line":122,"column":11},"end":{"line":122,"column":30}},{"start":{"line":122,"column":36},"end":{"line":122,"column":76}}],"line":122},"10":{"loc":{"start":{"line":133,"column":6},"end":{"line":138,"column":7}},"type":"if","locations":[{"start":{"line":133,"column":6},"end":{"line":138,"column":7}},{"start":{},"end":{}}],"line":133}},"s":{"0":1,"1":1,"2":2,"3":2,"4":1,"5":1,"6":5,"7":5,"8":5,"9":1,"10":4,"11":1,"12":3,"13":1,"14":2,"15":2,"16":1,"17":1,"18":3,"19":3,"20":3,"21":2,"22":1,"23":1,"24":1,"25":6,"26":6,"27":1,"28":5,"29":1,"30":4,"31":1,"32":3,"33":3,"34":3,"35":1,"36":2,"37":2,"38":1,"39":1,"40":2,"41":2,"42":2,"43":1,"44":1,"45":1},"f":{"0":2,"1":5,"2":3,"3":6,"4":2},"b":{"0":[1,4],"1":[1,3],"2":[1,2],"3":[3,2,2],"4":[1,1],"5":[1,5],"6":[1,4],"7":[5,2,1,1],"8":[1,3],"9":[4,1],"10":[1,2]},"_coverageSchema":"1a1c01bbd47fc00a2c39e90264f33305004495a9","hash":"93802d9ab44c814f512130feffb458cc7c1a0a77"}
,"C:\\Users\\YasuoBankai\\Documents\\cursos\\testing\\02_01b\\end-to-end-testing-with-jest-2883169\\controllers\\UsersController.js": {"path":"C:\\Users\\YasuoBankai\\Documents\\cursos\\testing\\02_01b\\end-to-end-testing-with-jest-2883169\\controllers\\UsersController.js","statementMap":{"0":{"start":{"line":3,"column":15},"end":{"line":3,"column":32}},"1":{"start":{"line":4,"column":12},"end":{"line":4,"column":35}},"2":{"start":{"line":6,"column":13},"end":{"line":6,"column":50}},"3":{"start":{"line":8,"column":31},"end":{"line":8,"column":116}},"4":{"start":{"line":10,"column":24},"end":{"line":56,"column":1}},"5":{"start":{"line":13,"column":4},"end":{"line":54,"column":5}},"6":{"start":{"line":14,"column":6},"end":{"line":19,"column":7}},"7":{"start":{"line":15,"column":8},"end":{"line":18,"column":11}},"8":{"start":{"line":21,"column":23},"end":{"line":21,"column":67}},"9":{"start":{"line":22,"column":6},"end":{"line":27,"column":7}},"10":{"start":{"line":23,"column":8},"end":{"line":26,"column":11}},"11":{"start":{"line":29,"column":30},"end":{"line":29,"column":88}},"12":{"start":{"line":30,"column":6},"end":{"line":35,"column":7}},"13":{"start":{"line":31,"column":8},"end":{"line":34,"column":11}},"14":{"start":{"line":37,"column":26},"end":{"line":41,"column":7}},"15":{"start":{"line":43,"column":26},"end":{"line":43,"column":49}},"16":{"start":{"line":44,"column":6},"end":{"line":48,"column":9}},"17":{"start":{"line":50,"column":6},"end":{"line":53,"column":9}},"18":{"start":{"line":58,"column":0},"end":{"line":58,"column":33}}},"fnMap":{"0":{"name":"generateToken","decl":{"start":{"line":8,"column":9},"end":{"line":8,"column":22}},"loc":{"start":{"line":8,"column":29},"end":{"line":8,"column":118}},"line":8},"1":{"name":"(anonymous_1)","decl":{"start":{"line":12,"column":9},"end":{"line":12,"column":10}},"loc":{"start":{"line":12,"column":29},"end":{"line":55,"column":3}},"line":12}},"branchMap":{"0":{"loc":{"start":{"line":14,"column":6},"end":{"line":19,"column":7}},"type":"if","locations":[{"start":{"line":14,"column":6},"end":{"line":19,"column":7}},{"start":{},"end":{}}],"line":14},"1":{"loc":{"start":{"line":14,"column":10},"end":{"line":14,"column":50}},"type":"binary-expr","locations":[{"start":{"line":14,"column":10},"end":{"line":14,"column":28}},{"start":{"line":14,"column":32},"end":{"line":14,"column":50}}],"line":14},"2":{"loc":{"start":{"line":22,"column":6},"end":{"line":27,"column":7}},"type":"if","locations":[{"start":{"line":22,"column":6},"end":{"line":27,"column":7}},{"start":{},"end":{}}],"line":22},"3":{"loc":{"start":{"line":30,"column":6},"end":{"line":35,"column":7}},"type":"if","locations":[{"start":{"line":30,"column":6},"end":{"line":35,"column":7}},{"start":{},"end":{}}],"line":30}},"s":{"0":1,"1":1,"2":1,"3":1,"4":1,"5":6,"6":6,"7":2,"8":4,"9":3,"10":1,"11":2,"12":2,"13":1,"14":1,"15":1,"16":1,"17":1,"18":1},"f":{"0":1,"1":6},"b":{"0":[2,4],"1":[6,5],"2":[1,2],"3":[1,1]},"_coverageSchema":"1a1c01bbd47fc00a2c39e90264f33305004495a9","hash":"cb844913a5680cfa70c23745e9bb4900b76d9f71"}
,"C:\\Users\\YasuoBankai\\Documents\\cursos\\testing\\02_01b\\end-to-end-testing-with-jest-2883169\\database\\dbConection.js": {"path":"C:\\Users\\YasuoBankai\\Documents\\cursos\\testing\\02_01b\\end-to-end-testing-with-jest-2883169\\database\\dbConection.js","statementMap":{"0":{"start":{"line":3,"column":17},"end":{"line":3,"column":36}},"1":{"start":{"line":4,"column":0},"end":{"line":4,"column":27}},"2":{"start":{"line":7,"column":0},"end":{"line":10,"column":2}},"3":{"start":{"line":17,"column":0},"end":{"line":17,"column":26}}},"fnMap":{},"branchMap":{},"s":{"0":1,"1":1,"2":1,"3":1},"f":{},"b":{},"_coverageSchema":"1a1c01bbd47fc00a2c39e90264f33305004495a9","hash":"08d8f58ae43455794c9b73478d1986466c1a6415"}
,"C:\\Users\\YasuoBankai\\Documents\\cursos\\testing\\02_01b\\end-to-end-testing-with-jest-2883169\\database\\models\\recipes.js": {"path":"C:\\Users\\YasuoBankai\\Documents\\cursos\\testing\\02_01b\\end-to-end-testing-with-jest-2883169\\database\\models\\recipes.js","statementMap":{"0":{"start":{"line":3,"column":17},"end":{"line":3,"column":42}},"1":{"start":{"line":5,"column":19},"end":{"line":5,"column":27}},"2":{"start":{"line":7,"column":22},"end":{"line":27,"column":2}},"3":{"start":{"line":30,"column":0},"end":{"line":30,"column":41}},"4":{"start":{"line":33,"column":0},"end":{"line":33,"column":43}}},"fnMap":{},"branchMap":{},"s":{"0":1,"1":1,"2":1,"3":1,"4":1},"f":{},"b":{},"_coverageSchema":"1a1c01bbd47fc00a2c39e90264f33305004495a9","hash":"73a79823e4c161780c4bd7be3b9011a9d920daf4"}
,"C:\\Users\\YasuoBankai\\Documents\\cursos\\testing\\02_01b\\end-to-end-testing-with-jest-2883169\\database\\models\\users.js": {"path":"C:\\Users\\YasuoBankai\\Documents\\cursos\\testing\\02_01b\\end-to-end-testing-with-jest-2883169\\database\\models\\users.js","statementMap":{"0":{"start":{"line":3,"column":17},"end":{"line":3,"column":42}},"1":{"start":{"line":5,"column":19},"end":{"line":5,"column":27}},"2":{"start":{"line":7,"column":19},"end":{"line":17,"column":2}},"3":{"start":{"line":20,"column":0},"end":{"line":20,"column":36}},"4":{"start":{"line":23,"column":0},"end":{"line":23,"column":41}}},"fnMap":{},"branchMap":{},"s":{"0":1,"1":1,"2":1,"3":1,"4":1},"f":{},"b":{},"_coverageSchema":"1a1c01bbd47fc00a2c39e90264f33305004495a9","hash":"00d13dfd5a2e705e7ccd5118f4e85c009ad0a432"}
,"C:\\Users\\YasuoBankai\\Documents\\cursos\\testing\\02_01b\\end-to-end-testing-with-jest-2883169\\database\\services\\recipes.js": {"path":"C:\\Users\\YasuoBankai\\Documents\\cursos\\testing\\02_01b\\end-to-end-testing-with-jest-2883169\\database\\services\\recipes.js","statementMap":{"0":{"start":{"line":1,"column":16},"end":{"line":1,"column":44}},"1":{"start":{"line":3,"column":21},"end":{"line":32,"column":1}},"2":{"start":{"line":6,"column":21},"end":{"line":6,"column":56}},"3":{"start":{"line":7,"column":4},"end":{"line":7,"column":20}},"4":{"start":{"line":11,"column":21},"end":{"line":11,"column":41}},"5":{"start":{"line":12,"column":4},"end":{"line":12,"column":20}},"6":{"start":{"line":16,"column":4},"end":{"line":20,"column":5}},"7":{"start":{"line":17,"column":23},"end":{"line":17,"column":49}},"8":{"start":{"line":18,"column":6},"end":{"line":18,"column":22}},"9":{"start":{"line":24,"column":21},"end":{"line":24,"column":96}},"10":{"start":{"line":25,"column":4},"end":{"line":25,"column":20}},"11":{"start":{"line":29,"column":21},"end":{"line":29,"column":56}},"12":{"start":{"line":30,"column":4},"end":{"line":30,"column":20}},"13":{"start":{"line":34,"column":0},"end":{"line":34,"column":30}}},"fnMap":{"0":{"name":"(anonymous_0)","decl":{"start":{"line":5,"column":15},"end":{"line":5,"column":16}},"loc":{"start":{"line":5,"column":40},"end":{"line":8,"column":3}},"line":5},"1":{"name":"(anonymous_1)","decl":{"start":{"line":10,"column":14},"end":{"line":10,"column":15}},"loc":{"start":{"line":10,"column":26},"end":{"line":13,"column":3}},"line":10},"2":{"name":"(anonymous_2)","decl":{"start":{"line":15,"column":13},"end":{"line":15,"column":14}},"loc":{"start":{"line":15,"column":27},"end":{"line":21,"column":3}},"line":15},"3":{"name":"(anonymous_3)","decl":{"start":{"line":23,"column":22},"end":{"line":23,"column":23}},"loc":{"start":{"line":23,"column":51},"end":{"line":26,"column":3}},"line":23},"4":{"name":"(anonymous_4)","decl":{"start":{"line":28,"column":22},"end":{"line":28,"column":23}},"loc":{"start":{"line":28,"column":36},"end":{"line":31,"column":3}},"line":28}},"branchMap":{},"s":{"0":1,"1":1,"2":1,"3":1,"4":1,"5":1,"6":5,"7":5,"8":3,"9":1,"10":1,"11":1,"12":1,"13":1},"f":{"0":1,"1":1,"2":5,"3":1,"4":1},"b":{},"_coverageSchema":"1a1c01bbd47fc00a2c39e90264f33305004495a9","hash":"878f9f1b8d923bf58cc105d46377f21836cbcce7"}
,"C:\\Users\\YasuoBankai\\Documents\\cursos\\testing\\02_01b\\end-to-end-testing-with-jest-2883169\\database\\services\\users.js": {"path":"C:\\Users\\YasuoBankai\\Documents\\cursos\\testing\\02_01b\\end-to-end-testing-with-jest-2883169\\database\\services\\users.js","statementMap":{"0":{"start":{"line":1,"column":13},"end":{"line":1,"column":39}},"1":{"start":{"line":3,"column":18},"end":{"line":11,"column":1}},"2":{"start":{"line":5,"column":17},"end":{"line":5,"column":49}},"3":{"start":{"line":6,"column":4},"end":{"line":8,"column":5}},"4":{"start":{"line":7,"column":6},"end":{"line":7,"column":19}},"5":{"start":{"line":9,"column":4},"end":{"line":9,"column":16}},"6":{"start":{"line":13,"column":0},"end":{"line":13,"column":27}}},"fnMap":{"0":{"name":"(anonymous_0)","decl":{"start":{"line":4,"column":18},"end":{"line":4,"column":19}},"loc":{"start":{"line":4,"column":38},"end":{"line":10,"column":3}},"line":4}},"branchMap":{"0":{"loc":{"start":{"line":6,"column":4},"end":{"line":8,"column":5}},"type":"if","locations":[{"start":{"line":6,"column":4},"end":{"line":8,"column":5}},{"start":{},"end":{}}],"line":6}},"s":{"0":1,"1":1,"2":3,"3":3,"4":1,"5":2,"6":1},"f":{"0":3},"b":{"0":[1,2]},"_coverageSchema":"1a1c01bbd47fc00a2c39e90264f33305004495a9","hash":"5cc4e19e86f06add68aeff25eb5648c9bb0d33c3"}
,"C:\\Users\\YasuoBankai\\Documents\\cursos\\testing\\02_01b\\end-to-end-testing-with-jest-2883169\\routes\\authenticateToken.js": {"path":"C:\\Users\\YasuoBankai\\Documents\\cursos\\testing\\02_01b\\end-to-end-testing-with-jest-2883169\\routes\\authenticateToken.js","statementMap":{"0":{"start":{"line":3,"column":12},"end":{"line":3,"column":35}},"1":{"start":{"line":6,"column":21},"end":{"line":6,"column":46}},"2":{"start":{"line":7,"column":16},"end":{"line":7,"column":54}},"3":{"start":{"line":9,"column":2},"end":{"line":17,"column":5}},"4":{"start":{"line":10,"column":4},"end":{"line":14,"column":5}},"5":{"start":{"line":11,"column":6},"end":{"line":13,"column":9}},"6":{"start":{"line":15,"column":4},"end":{"line":15,"column":22}},"7":{"start":{"line":16,"column":4},"end":{"line":16,"column":11}},"8":{"start":{"line":19,"column":0},"end":{"line":19,"column":35}}},"fnMap":{"0":{"name":"authenticateToken","decl":{"start":{"line":5,"column":9},"end":{"line":5,"column":26}},"loc":{"start":{"line":5,"column":43},"end":{"line":18,"column":1}},"line":5},"1":{"name":"(anonymous_1)","decl":{"start":{"line":9,"column":53},"end":{"line":9,"column":54}},"loc":{"start":{"line":9,"column":70},"end":{"line":17,"column":3}},"line":9}},"branchMap":{"0":{"loc":{"start":{"line":7,"column":16},"end":{"line":7,"column":54}},"type":"binary-expr","locations":[{"start":{"line":7,"column":16},"end":{"line":7,"column":26}},{"start":{"line":7,"column":30},"end":{"line":7,"column":54}}],"line":7},"1":{"loc":{"start":{"line":10,"column":4},"end":{"line":14,"column":5}},"type":"if","locations":[{"start":{"line":10,"column":4},"end":{"line":14,"column":5}},{"start":{},"end":{}}],"line":10}},"s":{"0":1,"1":16,"2":16,"3":16,"4":16,"5":3,"6":13,"7":13,"8":1},"f":{"0":16,"1":16},"b":{"0":[16,16],"1":[3,13]},"_coverageSchema":"1a1c01bbd47fc00a2c39e90264f33305004495a9","hash":"e4236c39e7b33f4c80e32b9d7efc6797b2cc98bb"}
,"C:\\Users\\YasuoBankai\\Documents\\cursos\\testing\\02_01b\\end-to-end-testing-with-jest-2883169\\routes\\index.js": {"path":"C:\\Users\\YasuoBankai\\Documents\\cursos\\testing\\02_01b\\end-to-end-testing-with-jest-2883169\\routes\\index.js","statementMap":{"0":{"start":{"line":2,"column":16},"end":{"line":2,"column":34}},"1":{"start":{"line":4,"column":15},"end":{"line":4,"column":31}},"2":{"start":{"line":6,"column":26},"end":{"line":6,"column":56}},"3":{"start":{"line":7,"column":26},"end":{"line":7,"column":69}},"4":{"start":{"line":8,"column":23},"end":{"line":8,"column":64}},"5":{"start":{"line":11,"column":0},"end":{"line":11,"column":44}},"6":{"start":{"line":14,"column":0},"end":{"line":14,"column":69}},"7":{"start":{"line":15,"column":0},"end":{"line":15,"column":50}},"8":{"start":{"line":16,"column":0},"end":{"line":16,"column":53}},"9":{"start":{"line":17,"column":0},"end":{"line":17,"column":74}},"10":{"start":{"line":18,"column":0},"end":{"line":18,"column":75}},"11":{"start":{"line":20,"column":0},"end":{"line":20,"column":24}}},"fnMap":{},"branchMap":{},"s":{"0":1,"1":1,"2":1,"3":1,"4":1,"5":1,"6":1,"7":1,"8":1,"9":1,"10":1,"11":1},"f":{},"b":{},"_coverageSchema":"1a1c01bbd47fc00a2c39e90264f33305004495a9","hash":"ede5fdc2414d44ded20025c18d8540ff6c2ca7de"}
}
