TN:
SF:index.js
FN:9,(anonymous_0)
FNF:1
FNH:1
FNDA:1,(anonymous_0)
DA:3,1
DA:5,1
DA:6,1
DA:7,1
DA:9,1
DA:10,1
DA:13,1
DA:14,1
DA:17,1
DA:20,1
DA:22,1
DA:24,1
DA:27,1
DA:28,1
LF:14
LH:14
BRF:0
BRH:0
end_of_record
TN:
SF:controllers\RecipesController.js
FN:7,(anonymous_0)
FN:24,(anonymous_1)
FN:77,(anonymous_2)
FN:103,(anonymous_3)
FN:156,(anonymous_4)
FNF:5
FNH:5
FNDA:2,(anonymous_0)
FNDA:5,(anonymous_1)
FNDA:3,(anonymous_2)
FNDA:6,(anonymous_3)
FNDA:2,(anonymous_4)
DA:3,1
DA:5,1
DA:8,2
DA:9,2
DA:11,1
DA:16,1
DA:26,5
DA:30,5
DA:33,5
DA:34,1
DA:40,4
DA:41,1
DA:48,3
DA:49,1
DA:55,2
DA:62,2
DA:64,1
DA:69,1
DA:78,3
DA:79,3
DA:82,3
DA:83,2
DA:84,1
DA:90,1
DA:95,1
DA:105,6
DA:107,6
DA:108,1
DA:115,5
DA:116,1
DA:122,4
DA:123,1
DA:129,3
DA:132,3
DA:133,3
DA:134,1
DA:140,2
DA:142,2
DA:143,1
DA:148,1
DA:157,2
DA:159,2
DA:162,2
DA:164,1
DA:169,1
DA:177,1
LF:46
LH:46
BRDA:33,0,0,1
BRDA:33,0,1,4
BRDA:40,1,0,1
BRDA:40,1,1,3
BRDA:48,2,0,1
BRDA:48,2,1,2
BRDA:48,3,0,3
BRDA:48,3,1,2
BRDA:48,3,2,2
BRDA:83,4,0,1
BRDA:83,4,1,1
BRDA:107,5,0,1
BRDA:107,5,1,5
BRDA:115,6,0,1
BRDA:115,6,1,4
BRDA:115,7,0,5
BRDA:115,7,1,2
BRDA:115,7,2,1
BRDA:115,7,3,1
BRDA:122,8,0,1
BRDA:122,8,1,3
BRDA:122,9,0,4
BRDA:122,9,1,1
BRDA:133,10,0,1
BRDA:133,10,1,2
BRF:25
BRH:25
end_of_record
TN:
SF:controllers\UsersController.js
FN:8,generateToken
FN:12,(anonymous_1)
FNF:2
FNH:2
FNDA:1,generateToken
FNDA:6,(anonymous_1)
DA:3,1
DA:4,1
DA:6,1
DA:8,1
DA:10,1
DA:13,6
DA:14,6
DA:15,2
DA:21,4
DA:22,3
DA:23,1
DA:29,2
DA:30,2
DA:31,1
DA:37,1
DA:43,1
DA:44,1
DA:50,1
DA:58,1
LF:19
LH:19
BRDA:14,0,0,2
BRDA:14,0,1,4
BRDA:14,1,0,6
BRDA:14,1,1,5
BRDA:22,2,0,1
BRDA:22,2,1,2
BRDA:30,3,0,1
BRDA:30,3,1,1
BRF:8
BRH:8
end_of_record
TN:
SF:database\dbConection.js
FNF:0
FNH:0
DA:3,1
DA:4,1
DA:7,1
DA:17,1
LF:4
LH:4
BRF:0
BRH:0
end_of_record
TN:
SF:database\models\recipes.js
FNF:0
FNH:0
DA:3,1
DA:5,1
DA:7,1
DA:30,1
DA:33,1
LF:5
LH:5
BRF:0
BRH:0
end_of_record
TN:
SF:database\models\users.js
FNF:0
FNH:0
DA:3,1
DA:5,1
DA:7,1
DA:20,1
DA:23,1
LF:5
LH:5
BRF:0
BRH:0
end_of_record
TN:
SF:database\services\recipes.js
FN:5,(anonymous_0)
FN:10,(anonymous_1)
FN:15,(anonymous_2)
FN:23,(anonymous_3)
FN:28,(anonymous_4)
FNF:5
FNH:5
FNDA:1,(anonymous_0)
FNDA:1,(anonymous_1)
FNDA:5,(anonymous_2)
FNDA:1,(anonymous_3)
FNDA:1,(anonymous_4)
DA:1,1
DA:3,1
DA:6,1
DA:7,1
DA:11,1
DA:12,1
DA:16,5
DA:17,5
DA:18,3
DA:24,1
DA:25,1
DA:29,1
DA:30,1
DA:34,1
LF:14
LH:14
BRF:0
BRH:0
end_of_record
TN:
SF:database\services\users.js
FN:4,(anonymous_0)
FNF:1
FNH:1
FNDA:3,(anonymous_0)
DA:1,1
DA:3,1
DA:5,3
DA:6,3
DA:7,1
DA:9,2
DA:13,1
LF:7
LH:7
BRDA:6,0,0,1
BRDA:6,0,1,2
BRF:2
BRH:2
end_of_record
TN:
SF:routes\authenticateToken.js
FN:5,authenticateToken
FN:9,(anonymous_1)
FNF:2
FNH:2
FNDA:16,authenticateToken
FNDA:16,(anonymous_1)
DA:3,1
DA:6,16
DA:7,16
DA:9,16
DA:10,16
DA:11,3
DA:15,13
DA:16,13
DA:19,1
LF:9
LH:9
BRDA:7,0,0,16
BRDA:7,0,1,16
BRDA:10,1,0,3
BRDA:10,1,1,13
BRF:4
BRH:4
end_of_record
TN:
SF:routes\index.js
FNF:0
FNH:0
DA:2,1
DA:4,1
DA:6,1
DA:7,1
DA:8,1
DA:11,1
DA:14,1
DA:15,1
DA:16,1
DA:17,1
DA:18,1
DA:20,1
LF:12
LH:12
BRF:0
BRH:0
end_of_record
